<?xml version="1.0" encoding="UTF-8"?>
<!-- Generated by org.testng.reporters.JUnitReportReporter -->
<testsuite skipped="0" hostname="DESKTOP-MAPEID1" name="com.training.sanity.tests.UpdateUserTest_ELTC_51" tests="1" failures="0" timestamp="16 Mar 2019 03:04:43 GMT" time="25.517" errors="0">
  <testcase name="UpdateUserTest" time="25.517" classname="com.training.sanity.tests.UpdateUserTest_ELTC_51"/>
</testsuite> <!-- com.training.sanity.tests.UpdateUserTest_ELTC_51 -->
