<?xml version="1.0" encoding="UTF-8"?>
<!-- Generated by org.testng.reporters.JUnitReportReporter -->
<testsuite skipped="0" hostname="DESKTOP-MAPEID1" name="com.training.sanity.tests.LoginTests" tests="1" failures="0" timestamp="06 Mar 2019 04:37:15 GMT" time="13.203" errors="0">
  <testcase name="validLoginTest" time="13.203" classname="com.training.sanity.tests.LoginTests"/>
</testsuite> <!-- com.training.sanity.tests.LoginTests -->
