<?xml version="1.0" encoding="UTF-8"?>
<!-- Generated by org.testng.reporters.JUnitReportReporter -->
<testsuite skipped="0" hostname="DESKTOP-MAPEID1" name="com.training.sanity.tests.CreateCourseTest_ELTC_22" tests="1" failures="0" timestamp="15 Mar 2019 13:28:13 GMT" time="20.630" errors="0">
  <testcase name="validLoginTest" time="20.630" classname="com.training.sanity.tests.CreateCourseTest_ELTC_22"/>
</testsuite> <!-- com.training.sanity.tests.CreateCourseTest_ELTC_22 -->
