<?xml version="1.0" encoding="UTF-8"?>
<!-- Generated by org.testng.reporters.JUnitReportReporter -->
<testsuite skipped="0" hostname="DESKTOP-MAPEID1" name="com.training.sanity.tests.CareerPromotionTest_ELTC_55" tests="1" failures="0" timestamp="20 Mar 2019 13:07:38 GMT" time="102.305" errors="0">
  <testcase name="CreateTrainingSessionTest" time="102.305" classname="com.training.sanity.tests.CareerPromotionTest_ELTC_55"/>
</testsuite> <!-- com.training.sanity.tests.CareerPromotionTest_ELTC_55 -->
