<?xml version="1.0" encoding="UTF-8"?>
<!-- Generated by org.testng.reporters.JUnitReportReporter -->
<testsuite skipped="0" hostname="DESKTOP-MAPEID1" name="com.training.sanity.tests.CreateTrainingSessionTest_ELTC_52" tests="1" failures="0" timestamp="18 Mar 2019 15:07:23 GMT" time="36.091" errors="0">
  <testcase name="CreateTrainingSessionTest" time="36.091" classname="com.training.sanity.tests.CreateTrainingSessionTest_ELTC_52"/>
</testsuite> <!-- com.training.sanity.tests.CreateTrainingSessionTest_ELTC_52 -->
