<?xml version="1.0" encoding="UTF-8"?>
<!-- Generated by org.testng.reporters.JUnitReportReporter -->
<testsuite skipped="0" hostname="DESKTOP-MAPEID1" name="com.training.sanity.tests.GenerateReportTest_ELTC_53" tests="1" failures="0" timestamp="19 Mar 2019 04:27:38 GMT" time="44.631" errors="0">
  <testcase name="CreateTrainingSessionTest" time="44.631" classname="com.training.sanity.tests.GenerateReportTest_ELTC_53"/>
</testsuite> <!-- com.training.sanity.tests.GenerateReportTest_ELTC_53 -->
