<?xml version="1.0" encoding="UTF-8"?>
<!-- Generated by org.testng.reporters.JUnitReportReporter -->
<testsuite skipped="0" hostname="DESKTOP-MAPEID1" name="com.training.sanity.tests.UsertoCourse_ELTC_23" tests="1" failures="0" timestamp="11 Mar 2019 05:14:19 GMT" time="19.355" errors="0">
  <testcase name="validLoginTest" time="19.355" classname="com.training.sanity.tests.UsertoCourse_ELTC_23"/>
</testsuite> <!-- com.training.sanity.tests.UsertoCourse_ELTC_23 -->
