<?xml version="1.0" encoding="UTF-8"?>
<!-- Generated by org.testng.reporters.JUnitReportReporter -->
<testsuite skipped="2" hostname="DESKTOP-MAPEID1" name="com.training.sanity.tests.TeacherCreateCourseProjectTest_ELTC_84" tests="3" failures="0" timestamp="04 Apr 2019 20:40:52 GMT" time="18.422" errors="0">
  <testcase name="TeacherReportTest" time="18.422" classname="com.training.sanity.tests.TeacherCreateCourseProjectTest_ELTC_84"/>
  <testcase name="TeacherCreateCourse" classname="com.training.sanity.tests.TeacherCreateCourseProjectTest_ELTC_84">
    <skipped/>
  </testcase> <!-- TeacherCreateCourse -->
  <testcase name="StudentLoginTest" classname="com.training.sanity.tests.TeacherCreateCourseProjectTest_ELTC_84">
    <skipped/>
  </testcase> <!-- StudentLoginTest -->
</testsuite> <!-- com.training.sanity.tests.TeacherCreateCourseProjectTest_ELTC_84 -->
