<?xml version="1.0" encoding="UTF-8"?>
<!-- Generated by org.testng.reporters.JUnitReportReporter -->
<testsuite skipped="0" hostname="DESKTOP-MAPEID1" name="com.training.sanity.tests.DisplayErrorMessage_ELTC_83" tests="1" failures="0" timestamp="27 Mar 2019 10:26:31 GMT" time="19.291" errors="0">
  <testcase name="DisplayErrorTest" time="19.291" classname="com.training.sanity.tests.DisplayErrorMessage_ELTC_83"/>
</testsuite> <!-- com.training.sanity.tests.DisplayErrorMessage_ELTC_83 -->
