<?xml version="1.0" encoding="UTF-8"?>
<!-- Generated by org.testng.reporters.JUnitReportReporter -->
<testsuite skipped="0" hostname="DESKTOP-MAPEID1" name="com.training.sanity.tests.CreateCategoryTest_ELTC_24" tests="1" failures="0" timestamp="08 Mar 2019 13:55:51 GMT" time="18.472" errors="0">
  <testcase name="validLoginTest" time="18.472" classname="com.training.sanity.tests.CreateCategoryTest_ELTC_24"/>
</testsuite> <!-- com.training.sanity.tests.CreateCategoryTest_ELTC_24 -->
