<?xml version="1.0" encoding="UTF-8"?>
<!-- Generated by org.testng.reporters.JUnitReportReporter -->
<testsuite skipped="0" hostname="DESKTOP-MAPEID1" name="com.training.sanity.tests.UserProfiledb_ELTC_85" tests="2" failures="0" timestamp="01 Apr 2019 11:50:14 GMT" time="65.817" errors="0">
  <testcase name="loginDBTest" time="28.627" classname="com.training.sanity.tests.UserProfiledb_ELTC_85"/>
  <testcase name="loginDBTest" time="37.190" classname="com.training.sanity.tests.UserProfiledb_ELTC_85"/>
</testsuite> <!-- com.training.sanity.tests.UserProfiledb_ELTC_85 -->
