<?xml version="1.0" encoding="UTF-8"?>
<!-- Generated by org.testng.reporters.JUnitReportReporter -->
<testsuite skipped="0" hostname="DESKTOP-MAPEID1" name="com.training.sanity.tests.DeleteCourseTest_ELTC_21" tests="1" failures="0" timestamp="08 Mar 2019 13:52:56 GMT" time="16.180" errors="0">
  <testcase name="CourseDeletionTest" time="16.180" classname="com.training.sanity.tests.DeleteCourseTest_ELTC_21"/>
</testsuite> <!-- com.training.sanity.tests.DeleteCourseTest_ELTC_21 -->
