<?xml version="1.0" encoding="UTF-8"?>
<!-- Generated by org.testng.reporters.JUnitReportReporter -->
<testsuite skipped="0" hostname="DESKTOP-MAPEID1" name="com.training.sanity.tests.DeleteCategoryTest_ELTC_25" tests="1" failures="0" timestamp="10 Mar 2019 20:00:32 GMT" time="17.170" errors="0">
  <testcase name="validLoginTest" time="17.170" classname="com.training.sanity.tests.DeleteCategoryTest_ELTC_25"/>
</testsuite> <!-- com.training.sanity.tests.DeleteCategoryTest_ELTC_25 -->
