<?xml version="1.0" encoding="UTF-8"?>
<!-- Generated by org.testng.reporters.JUnitReportReporter -->
<testsuite skipped="0" hostname="DESKTOP-MAPEID1" name="com.training.sanity.tests.ReportTeacherTest_ELTC_54" tests="1" failures="0" timestamp="18 Mar 2019 19:59:44 GMT" time="27.621" errors="0">
  <testcase name="CreateTrainingSessionTest" time="27.621" classname="com.training.sanity.tests.ReportTeacherTest_ELTC_54"/>
</testsuite> <!-- com.training.sanity.tests.ReportTeacherTest_ELTC_54 -->
