<?xml version="1.0" encoding="UTF-8"?>
<!-- Generated by org.testng.reporters.JUnitReportReporter -->
<testsuite skipped="0" hostname="DESKTOP-MAPEID1" name="com.training.sanity.tests.UsersDiffRoles_ELTC_81" tests="4" failures="0" timestamp="26 Mar 2019 19:14:29 GMT" time="140.728" errors="0">
  <testcase name="loginDBTest" time="37.866" classname="com.training.sanity.tests.UsersDiffRoles_ELTC_81"/>
  <testcase name="loginDBTest" time="34.650" classname="com.training.sanity.tests.UsersDiffRoles_ELTC_81"/>
  <testcase name="loginDBTest" time="33.373" classname="com.training.sanity.tests.UsersDiffRoles_ELTC_81"/>
  <testcase name="loginDBTest" time="34.839" classname="com.training.sanity.tests.UsersDiffRoles_ELTC_81"/>
</testsuite> <!-- com.training.sanity.tests.UsersDiffRoles_ELTC_81 -->
