<?xml version="1.0" encoding="UTF-8"?>
<!-- Generated by org.testng.reporters.JUnitReportReporter -->
<testsuite skipped="0" hostname="DESKTOP-MAPEID1" name="com.training.sanity.tests.CreateCourseTest_ELTC_22" tests="1" failures="0" timestamp="07 Mar 2019 09:36:41 GMT" time="59.624" errors="0">
  <testcase name="validLoginTest" time="59.624" classname="com.training.sanity.tests.CreateCourseTest_ELTC_22"/>
</testsuite> <!-- com.training.sanity.tests.CreateCourseTest_ELTC_22 -->
